Saving output to:/Users/solenenoize/Desktop/sleep_analysis/model3/results/fitbit_overall_20260629_172244.log
Using input file:/Users/solenenoize/Desktop/sleep_analysis/model3/../data/merge_data_cleaned.xlsx
Subgroup: Fitbit-measured nights (non-missing fitbit_overall_motion)
Rows before complete-case filtering:283
Predictor preprocessing (all continuous predictors):
  1) log(x + 1)
  2) z-score
  Transformed columns:fitbit_overall_motion_logz
Model formula:lucid ~ fitbit_overall_motion_logz + (1 | pid)
Rows used:283
Participants:102

=====Model 3 Fitbit Overall Summary (glmmTMB binomial)=====
 Family: binomial  ( logit )
Formula:          lucid ~ fitbit_overall_motion_logz + (1 | pid)
Data: data

      AIC       BIC    logLik -2*log(L)  df.resid 
    202.1     213.1     -98.1     196.1       280 

Random effects:

Conditional model:
 Groups Name        Variance Std.Dev.
 pid    (Intercept) 1.401    1.184   
Number of obs: 283, groups:  pid, 102

Conditional model:
                           Estimate Std. Error z value Pr(>|z|)    
(Intercept)                -2.43560    0.36800  -6.618 3.63e-11 ***
fitbit_overall_motion_logz  0.09556    0.21726   0.440     0.66    
---
Signif. codes:  0 ‘***’ 0.001 ‘**’ 0.01 ‘*’ 0.05 ‘.’ 0.1 ‘ ’ 1

===== Odds Ratios =====
               (Intercept) fitbit_overall_motion_logz 
                0.08754519                 1.10027690 

===== DHARMa Diagnostics =====
Saved results (including raw and FDR p-values) to:/Users/solenenoize/Desktop/sleep_analysis/model3/results/fitbit_overall_model3_fitbit_overall_motion_results_20260629_172244.csv
Saved DHARMa plot to:/Users/solenenoize/Desktop/sleep_analysis/model3/results/fitbit_overall_model3_fitbit_overall_motion_DHARMa_20260629_172244.pdf
