Saving output to:/Users/solenenoize/Desktop/sleep_analysis/model3/results/fitbit_stim_cued_20260629_172246.log
Using input file:/Users/solenenoize/Desktop/sleep_analysis/model3/../data/merge_data_cleaned.xlsx
Subgroup: Fitbit-measured cued nights (non-missing fitbit_stim_motion)
Rows before complete-case filtering:88
Predictor preprocessing (all continuous predictors):
  1) log(x + 1)
  2) z-score
  Transformed columns:fitbit_stim_motion_logz
Model formula:lucid ~ fitbit_stim_motion_logz + (1 | pid)
Rows used:60
Participants:34

=====Model 3 Fitbit Stim Cued Summary (glmmTMB binomial)=====
 Family: binomial  ( logit )
Formula:          lucid ~ fitbit_stim_motion_logz + (1 | pid)
Data: data

      AIC       BIC    logLik -2*log(L)  df.resid 
     49.2      55.5     -21.6      43.2        57 

Random effects:

Conditional model:
 Groups Name        Variance  Std.Dev. 
 pid    (Intercept) 4.687e-09 6.846e-05
Number of obs: 60, groups:  pid, 34

Conditional model:
                         Estimate Std. Error z value Pr(>|z|)    
(Intercept)             -2.024383   0.402151  -5.034 4.81e-07 ***
fitbit_stim_motion_logz  0.001825   0.405524   0.004    0.996    
---
Signif. codes:  0 ‘***’ 0.001 ‘**’ 0.01 ‘*’ 0.05 ‘.’ 0.1 ‘ ’ 1

===== Odds Ratios =====
            (Intercept) fitbit_stim_motion_logz 
              0.1320753               1.0018263 

===== DHARMa Diagnostics =====
Saved results (including raw and FDR p-values) to:/Users/solenenoize/Desktop/sleep_analysis/model3/results/fitbit_stim_cued_model3_fitbit_stim_motion_cued_results_20260629_172246.csv
Saved DHARMa plot to:/Users/solenenoize/Desktop/sleep_analysis/model3/results/fitbit_stim_cued_model3_fitbit_stim_motion_cued_DHARMa_20260629_172246.pdf
