Saving output to: /Users/solenenoize/Desktop/sleep_analysis/model3/results/submodel3_20260615_163105.log 
Warning messages:
1: package ‘readxl’ was built under R version 4.3.3 
2: package ‘glmmTMB’ was built under R version 4.3.3 
3: package ‘DHARMa’ was built under R version 4.3.3 
Phone-only pid/night keys kept: 1100 
Phone-only unique PID count: 473 
Predictor scaling mode: z-scored
Rows in model_df before cued subset: 239 
Rows used in submodel1 (totalCues > 0): 181 
Saved model input data to: /Users/solenenoize/Desktop/sleep_analysis/model3/results/submodel3_model_data_20260615_163105.csv 
Model formula: lucid ~ log(totalCues + 1) + log(lucid_attempts_past_week + 1) + log(lucid_dreams_past_week + 1) + log(high_freq + 1) + log(low_freq + 1) + log(cue_delta_var + 1) + age_z + wake_up_duration_min_z + sleep_quality_num_z + wakeThresh_z + (1 | pid) 

===== Submodel3 Summary (log version, glmmTMB binomial) =====
 Family: binomial  ( logit )
Formula:          
lucid ~ log(totalCues + 1) + log(lucid_attempts_past_week + 1) +  
    log(lucid_dreams_past_week + 1) + log(high_freq + 1) + log(low_freq +  
    1) + log(cue_delta_var + 1) + age_z + wake_up_duration_min_z +  
    sleep_quality_num_z + wakeThresh_z + (1 | pid)
Data: cued_df

      AIC       BIC    logLik -2*log(L)  df.resid 
    102.0     140.4     -39.0      78.0       169 

Random effects:

Conditional model:
 Groups Name        Variance Std.Dev.
 pid    (Intercept) 33.78    5.812   
Number of obs: 181, groups:  pid, 89

Conditional model:
                                  Estimate Std. Error z value Pr(>|z|)   
(Intercept)                        -9.1747     3.2549  -2.819  0.00482 **
log(totalCues + 1)                  0.1650     0.2675   0.617  0.53720   
log(lucid_attempts_past_week + 1)  -0.8750     1.5463  -0.566  0.57149   
log(lucid_dreams_past_week + 1)     3.0888     2.4091   1.282  0.19980   
log(high_freq + 1)                 -0.8091     1.2783  -0.633  0.52674   
log(low_freq + 1)                   1.1332     0.8074   1.404  0.16044   
log(cue_delta_var + 1)             -0.1892     1.0922  -0.173  0.86247   
age_z                               1.5559     1.0439   1.490  0.13611   
wake_up_duration_min_z              0.6468     1.0490   0.617  0.53746   
sleep_quality_num_z                 0.3647     0.9235   0.395  0.69289   
wakeThresh_z                       -0.3233     2.1906  -0.148  0.88267   
---
Signif. codes:  0 ‘***’ 0.001 ‘**’ 0.01 ‘*’ 0.05 ‘.’ 0.1 ‘ ’ 1

===== Odds Ratios =====
                      (Intercept)                log(totalCues + 1) 
                     1.036302e-04                      1.179449e+00 
log(lucid_attempts_past_week + 1)   log(lucid_dreams_past_week + 1) 
                     4.168588e-01                      2.195079e+01 
               log(high_freq + 1)                 log(low_freq + 1) 
                     4.452414e-01                      3.105709e+00 
           log(cue_delta_var + 1)                             age_z 
                     8.276257e-01                      4.739412e+00 
           wake_up_duration_min_z               sleep_quality_num_z 
                     1.909512e+00                      1.440104e+00 
                     wakeThresh_z 
                     7.237527e-01 
No significant fixed effects (p < 0.05); no association plots generated.

===== DHARMa Diagnostics =====
null device 
          1 
Saved DHARMa plot to: /Users/solenenoize/Desktop/sleep_analysis/model3/results/submodel3_Rplots_20260615_163105.pdf 
