Saving output to:/Users/solenenoize/Desktop/sleep_analysis/model2/results/model2_interaction_20260629_174337.log
Using input file:/Users/solenenoize/Desktop/sleep_analysis/model2/../data/merge_data_cleaned.xlsx
Rows before complete-case filtering:2072
Rows used in model2 interaction:2054
Predictor preprocessing (all continuous predictors):
  1) log(x + 1)
  2) z-score
  Transformed columns:wakeThresh_logz, highestVol_logz
Categorical predictors interacting with cueing:cue_notice, had_arousal
Cueing interaction model: predictor main effects + predictor:cued_night interactions
Terms per predictor: predictor + predictor:cued_night
Predictors:wakeThresh_logz, highestVol_logz, cue_notice, had_arousal
Model formula:lucid ~ wakeThresh_logz + wakeThresh_logz:cued_night + highestVol_logz + 
Model formula:    highestVol_logz:cued_night + cue_notice + cue_notice:cued_night + 
Model formula:    had_arousal + had_arousal:cued_night + (1 | pid)
Rows used:2054
Participants:591

=====Model 2 Cueing Interaction Summary (glmmTMB binomial)=====
 Family: binomial  ( logit )
Formula:          
lucid ~ wakeThresh_logz + wakeThresh_logz:cued_night + highestVol_logz +  
    highestVol_logz:cued_night + cue_notice + cue_notice:cued_night +  
    had_arousal + had_arousal:cued_night + (1 | pid)
Data: data

      AIC       BIC    logLik -2*log(L)  df.resid 
   1131.7    1188.0    -555.9    1111.7      2044 

Random effects:

Conditional model:
 Groups Name        Variance Std.Dev.
 pid    (Intercept) 1.747    1.322   
Number of obs: 2054, groups:  pid, 591

Conditional model:
                            Estimate Std. Error z value Pr(>|z|)    
(Intercept)                  -3.8762     0.3406 -11.382  < 2e-16 ***
wakeThresh_logz              -1.1508     1.1499  -1.001   0.3170    
highestVol_logz              -2.3206     0.9138  -2.540   0.0111 *  
cue_notice1                   2.9705     0.3879   7.657  1.9e-14 ***
had_arousal1                 -0.2102     0.5272  -0.399   0.6901    
wakeThresh_logz:cued_night1   1.0117     1.2028   0.841   0.4003    
cued_night1:highestVol_logz   2.4573     0.9786   2.511   0.0120 *  
cued_night1:cue_notice1      -0.5730     0.5509  -1.040   0.2983    
cued_night1:had_arousal1      1.0015     0.6220   1.610   0.1074    
---
Signif. codes:  0 ‘***’ 0.001 ‘**’ 0.01 ‘*’ 0.05 ‘.’ 0.1 ‘ ’ 1

===== Odds Ratios =====
                (Intercept)             wakeThresh_logz 
                 0.02072933                  0.31638871 
            highestVol_logz                 cue_notice1 
                 0.09821116                 19.50255893 
               had_arousal1 wakeThresh_logz:cued_night1 
                 0.81043573                  2.75034563 
cued_night1:highestVol_logz     cued_night1:cue_notice1 
                11.67372133                  0.56382993 
   cued_night1:had_arousal1 
                 2.72230312 

===== DHARMa Diagnostics =====
Saved results (including raw and FDR p-values) to:/Users/solenenoize/Desktop/sleep_analysis/model2/results/model2_interaction_model2_device_stimulation_cueing_interaction_results_20260629_174337.csv
Saved DHARMa plot to:/Users/solenenoize/Desktop/sleep_analysis/model2/results/model2_interaction_model2_device_stimulation_cueing_interaction_DHARMa_20260629_174337.pdf
