Saving output to: /Users/solenenoize/Desktop/sleep_analysis/model1/results/submodel1_20260616_181958.log 
Warning messages:
1: package ‘readxl’ was built under R version 4.3.3 
2: package ‘glmmTMB’ was built under R version 4.3.3 
3: package ‘DHARMa’ was built under R version 4.3.3 
Predictor scaling mode: raw (no z-scoring)
Rows in model_df before cued subset: 453 
Rows used in submodel1 (totalCues > 0): 330 
Saved model input data to: /Users/solenenoize/Desktop/sleep_analysis/model1/results/submodel1_model_data_20260616_181958.csv 
Sleep quality coding: factor with separate category effects (reference = fair)
Model formula: lucid ~ log(totalCues + 1) + had_arousal + sleep_quality + log(lucid_attempts_past_week + 1) + log(lucid_dreams_past_week + 1) + log(stimulation_motion + 1) + age_raw + (1 | pid) 

===== Submodel1 Summary (log version, glmmTMB binomial) =====
 Family: binomial  ( logit )
Formula:          
lucid ~ log(totalCues + 1) + had_arousal + sleep_quality + log(lucid_attempts_past_week +  
    1) + log(lucid_dreams_past_week + 1) + log(stimulation_motion +  
    1) + age_raw + (1 | pid)
Data: cued_df

      AIC       BIC    logLik -2*log(L)  df.resid 
    180.2     225.8     -78.1     156.2       318 

Random effects:

Conditional model:
 Groups Name        Variance Std.Dev.
 pid    (Intercept) 89.84    9.478   
Number of obs: 330, groups:  pid, 173

Conditional model:
                                   Estimate Std. Error z value Pr(>|z|)    
(Intercept)                       -12.10150    3.25121  -3.722 0.000198 ***
log(totalCues + 1)                  0.16735    0.19810   0.845 0.398234    
had_arousal1                        0.54426    1.76776   0.308 0.758172    
sleep_qualityvery_poor              4.10963    3.72846   1.102 0.270361    
sleep_qualitypoor                  -1.10402    2.90855  -0.380 0.704260    
sleep_qualitygood                   0.84115    1.93737   0.434 0.664163    
sleep_qualityvery_good              0.56990    2.17791   0.262 0.793572    
log(lucid_attempts_past_week + 1)   0.08254    0.95113   0.087 0.930849    
log(lucid_dreams_past_week + 1)     2.24281    1.41007   1.591 0.111707    
log(stimulation_motion + 1)        -0.10219    0.32324  -0.316 0.751882    
age_raw                             0.04681    0.05036   0.929 0.352634    
---
Signif. codes:  0 ‘***’ 0.001 ‘**’ 0.01 ‘*’ 0.05 ‘.’ 0.1 ‘ ’ 1

===== Odds Ratios =====
                      (Intercept)                log(totalCues + 1) 
                     5.551182e-06                      1.182165e+00 
                     had_arousal1            sleep_qualityvery_poor 
                     1.723337e+00                      6.092398e+01 
                sleep_qualitypoor                 sleep_qualitygood 
                     3.315363e-01                      2.319036e+00 
           sleep_qualityvery_good log(lucid_attempts_past_week + 1) 
                     1.768094e+00                      1.086038e+00 
  log(lucid_dreams_past_week + 1)       log(stimulation_motion + 1) 
                     9.419801e+00                      9.028541e-01 
                          age_raw 
                     1.047927e+00 
No significant fixed effects (p < 0.05); no association plots generated.

===== DHARMa Diagnostics =====
null device 
          1 
Saved DHARMa plot to: /Users/solenenoize/Desktop/sleep_analysis/model1/results/submodel1_Rplots_20260616_181958.pdf 
