Saving output to: /Users/solenenoize/Desktop/sleep_analysis/model2/results/model2_bin_interaction_20260608_183252.log 
Warning messages:
1: package ‘readxl’ was built under R version 4.3.3 
2: package ‘glmmTMB’ was built under R version 4.3.3 
3: package ‘DHARMa’ was built under R version 4.3.3 
Predictor scaling mode: raw (no z-scoring)
Rows before complete-case filtering: 2072 
Rows used in model2_bin_interaction: 506 
Model formula: lucid ~ cued_night * (had_arousal + lucid_attempts_past_week_raw + lucid_dreams_past_week_raw + age_raw + wake_up_duration_min_raw + sleep_quality_num_raw + wakeThresh_raw) + log(overall_motion + 1) + cued_night:log(overall_motion + 1) + (1 | pid) 

===== Model 2 Bin + Interaction Summary (glmmTMB binomial) =====
 Family: binomial  ( logit )
Formula:          
lucid ~ cued_night * (had_arousal + lucid_attempts_past_week_raw +  
    lucid_dreams_past_week_raw + age_raw + wake_up_duration_min_raw +  
    sleep_quality_num_raw + wakeThresh_raw) + log(overall_motion +  
    1) + cued_night:log(overall_motion + 1) + (1 | pid)
Data: model_df

      AIC       BIC    logLik -2*log(L)  df.resid 
    255.9     336.2    -109.0     217.9       487 

Random effects:

Conditional model:
 Groups Name        Variance Std.Dev.
 pid    (Intercept) 88.17    9.39    
Number of obs: 506, groups:  pid, 212

Conditional model:
                                          Estimate Std. Error z value Pr(>|z|)
(Intercept)                               -8.64979    7.78314  -1.111    0.266
cued_night1                               -3.21419    7.53843  -0.426    0.670
had_arousal1                               2.38066    2.77262   0.859    0.391
lucid_attempts_past_week_raw              -0.43662    0.54394  -0.803    0.422
lucid_dreams_past_week_raw                 1.86243    1.35417   1.375    0.169
age_raw                                    0.11359    0.08027   1.415    0.157
wake_up_duration_min_raw                  -0.08596    0.09716  -0.885    0.376
sleep_quality_num_raw                     -1.27309    1.65037  -0.771    0.440
wakeThresh_raw                           -49.72123  225.57155  -0.220    0.826
log(overall_motion + 1)                   -0.66415    0.60121  -1.105    0.269
cued_night1:had_arousal1                  -2.36266    2.85677  -0.827    0.408
cued_night1:lucid_attempts_past_week_raw   0.51476    0.49643   1.037    0.300
cued_night1:lucid_dreams_past_week_raw    -1.00317    1.21638  -0.825    0.410
cued_night1:age_raw                       -0.07062    0.07099  -0.995    0.320
cued_night1:wake_up_duration_min_raw       0.12508    0.09194   1.360    0.174
cued_night1:sleep_quality_num_raw          1.49666    1.55748   0.961    0.337
cued_night1:wakeThresh_raw                51.53694  225.67466   0.228    0.819
cued_night1:log(overall_motion + 1)        0.67738    0.57989   1.168    0.243

===== Odds Ratios =====
                             (Intercept) 
                            1.751639e-04 
                             cued_night1 
                            4.018768e-02 
                            had_arousal1 
                            1.081199e+01 
            lucid_attempts_past_week_raw 
                            6.462185e-01 
              lucid_dreams_past_week_raw 
                            6.439379e+00 
                                 age_raw 
                            1.120295e+00 
                wake_up_duration_min_raw 
                            9.176264e-01 
                   sleep_quality_num_raw 
                            2.799640e-01 
                          wakeThresh_raw 
                            2.548849e-22 
                 log(overall_motion + 1) 
                            5.147085e-01 
                cued_night1:had_arousal1 
                            9.416982e-02 
cued_night1:lucid_attempts_past_week_raw 
                            1.673236e+00 
  cued_night1:lucid_dreams_past_week_raw 
                            3.667135e-01 
                     cued_night1:age_raw 
                            9.318157e-01 
    cued_night1:wake_up_duration_min_raw 
                            1.133241e+00 
       cued_night1:sleep_quality_num_raw 
                            4.466728e+00 
              cued_night1:wakeThresh_raw 
                            2.411062e+22 
     cued_night1:log(overall_motion + 1) 
                            1.968715e+00 
No significant fixed effects (p < 0.05); no association plots generated.

===== DHARMa Diagnostics =====
null device 
          1 
Saved DHARMa plot to: /Users/solenenoize/Desktop/sleep_analysis/model2/results/model2_bin_interaction_Rplots_20260608_183252.pdf 
