Saving output to: /Users/solenenoize/Desktop/sleep_analysis/linear_analysis/results/logistic_fitbit_overall_motion_20260615_153224.log 
Using input file: data/merge_data_cleaned.xlsx 

===== Logistic Regression Summary =====

Call:
glm(formula = lucid ~ fitbit_overall_motion, family = binomial(link = "logit"), 
    data = model_df)

Coefficients:
                      Estimate Std. Error z value Pr(>|z|)    
(Intercept)           -2.34527    0.36321  -6.457 1.07e-10 ***
fitbit_overall_motion  0.04476    0.04238   1.056    0.291    
---
Signif. codes:  0 ‘***’ 0.001 ‘**’ 0.01 ‘*’ 0.05 ‘.’ 0.1 ‘ ’ 1

(Dispersion parameter for binomial family taken to be 1)

    Null deviance: 203.82  on 282  degrees of freedom
Residual deviance: 202.85  on 281  degrees of freedom
AIC: 206.85

Number of Fisher Scoring iterations: 4


===== Odds Ratios (95% CI) =====
                   term odds_ratio ci_lower_95 ci_upper_95
1           (Intercept) 0.09582125  0.04702142   0.1952666
2 fitbit_overall_motion 1.04577694  0.96242740   1.1363448

N used: 283 
