Saving output to: /Users/solenenoize/Desktop/sleep_analysis/linear_analysis/results/logistic_cue_delta_var_20260611_180510.log 
Using input file: data/merge_data_cleaned.xlsx 

===== Logistic Regression Summary =====

Call:
glm(formula = lucid ~ cue_delta_var, family = binomial(link = "logit"), 
    data = model_df)

Coefficients:
                Estimate Std. Error z value Pr(>|z|)    
(Intercept)   -2.350e+00  2.072e-01 -11.341   <2e-16 ***
cue_delta_var -5.437e-05  1.057e-04  -0.514    0.607    
---
Signif. codes:  0 ‘***’ 0.001 ‘**’ 0.01 ‘*’ 0.05 ‘.’ 0.1 ‘ ’ 1

(Dispersion parameter for binomial family taken to be 1)

    Null deviance: 177.75  on 304  degrees of freedom
Residual deviance: 177.35  on 303  degrees of freedom
AIC: 181.35

Number of Fisher Scoring iterations: 6


===== Odds Ratios (95% CI) =====
           term odds_ratio ci_lower_95 ci_upper_95
1   (Intercept) 0.09533336  0.06351013   0.1431024
2 cue_delta_var 0.99994563  0.99973845   1.0001529

N used: 305 
