Saving output to: /Users/solenenoize/Desktop/sleep_analysis/model5/results/model5_bin_20260616_165208.log 
Warning messages:
1: package ‘readxl’ was built under R version 4.3.3 
2: package ‘glmmTMB’ was built under R version 4.3.3 
3: package ‘DHARMa’ was built under R version 4.3.3 
Fitbit+Phone pid/night keys kept: 324 
Fitbit+Phone unique PID count: 121 
Predictor scaling mode: z-scored
Rows before complete-case filtering: 313 
Rows used in Model 5: 279 
Model formula: lucid ~ cued_night + lucid_attempts_past_week_z + lucid_dreams_past_week_z + age_z + wake_up_duration_min_z + sleep_quality_num_z + wakeThresh_z + fitbit_overall_motion_z + (1 | pid) 

===== Model 5 Summary (glmmTMB binomial) =====
 Family: binomial  ( logit )
Formula:          
lucid ~ cued_night + lucid_attempts_past_week_z + lucid_dreams_past_week_z +  
    age_z + wake_up_duration_min_z + sleep_quality_num_z + wakeThresh_z +  
    fitbit_overall_motion_z + (1 | pid)
Data: model_df

      AIC       BIC    logLik -2*log(L)  df.resid 
    195.9     232.2     -88.0     175.9       269 

Random effects:

Conditional model:
 Groups Name        Variance Std.Dev.
 pid    (Intercept) 0.2623   0.5122  
Number of obs: 279, groups:  pid, 101

Conditional model:
                           Estimate Std. Error z value Pr(>|z|)   
(Intercept)                 -7.4505     2.2839  -3.262  0.00111 **
cued_night                   0.7593     0.4421   1.718  0.08588 . 
lucid_attempts_past_week_z   0.1058     0.2577   0.410  0.68147   
lucid_dreams_past_week_z     0.3985     0.1718   2.319  0.02039 * 
age_z                        0.1913     0.2828   0.676  0.49893   
wake_up_duration_min_z       0.2744     0.2214   1.239  0.21516   
sleep_quality_num_z         -0.2246     0.2351  -0.956  0.33931   
wakeThresh_z               -58.4539    25.9947  -2.249  0.02453 * 
fitbit_overall_motion_z      0.0819     0.2128   0.385  0.70036   
---
Signif. codes:  0 ‘***’ 0.001 ‘**’ 0.01 ‘*’ 0.05 ‘.’ 0.1 ‘ ’ 1

===== Odds Ratios =====
               (Intercept)                 cued_night 
              5.811277e-04               2.136892e+00 
lucid_attempts_past_week_z   lucid_dreams_past_week_z 
              1.111597e+00               1.489568e+00 
                     age_z     wake_up_duration_min_z 
              1.210772e+00               1.315757e+00 
       sleep_quality_num_z               wakeThresh_z 
              7.988162e-01               4.109720e-26 
   fitbit_overall_motion_z 
              1.085352e+00 

===== Significant Association Plots =====
Saved: /Users/solenenoize/Desktop/sleep_analysis/model5/results/model5_bin_sig_scatter_lucid_dreams_past_week_z_20260616_165208.png 
Saved: /Users/solenenoize/Desktop/sleep_analysis/model5/results/model5_bin_sig_scatter_wakeThresh_z_20260616_165208.png 
Warning message:
glm.fit: fitted probabilities numerically 0 or 1 occurred 

===== DHARMa Diagnostics =====
null device 
          1 
Saved DHARMa plot to: /Users/solenenoize/Desktop/sleep_analysis/model5/results/Rplots.pdf 
