Saving output to: /Users/solenenoize/Desktop/sleep_analysis/model5/results/submodel5_20260616_165211.log 
Warning messages:
1: package ‘readxl’ was built under R version 4.3.3 
2: package ‘glmmTMB’ was built under R version 4.3.3 
3: package ‘DHARMa’ was built under R version 4.3.3 
Fitbit+Phone pid/night keys kept: 324 
Fitbit+Phone unique PID count: 121 
Predictor scaling mode: z-scored
Rows in model_df before cued subset: 95 
Rows used in submodel5 (totalCues > 0): 59 
Saved model input data to: /Users/solenenoize/Desktop/sleep_analysis/model5/results/submodel5_model_data_20260616_165211.csv 
Model formula: lucid ~ log(totalCues + 1) + log(lucid_attempts_past_week + 1) + log(lucid_dreams_past_week + 1) + log(fitbit_stim_motion + 1) + age_z + wake_up_duration_min_z + sleep_quality_num_z + wakeThresh_z + (1 | pid) 

===== Submodel5 Summary (log version, glmmTMB binomial) =====
 Family: binomial  ( logit )
Formula:          
lucid ~ log(totalCues + 1) + log(lucid_attempts_past_week + 1) +  
    log(lucid_dreams_past_week + 1) + log(fitbit_stim_motion +  
    1) + age_z + wake_up_duration_min_z + sleep_quality_num_z +  
    wakeThresh_z + (1 | pid)
Data: cued_df

      AIC       BIC    logLik -2*log(L)  df.resid 
     58.5      79.3     -19.3      38.5        49 

Random effects:

Conditional model:
 Groups Name        Variance  Std.Dev.
 pid    (Intercept) 4.213e-09 6.49e-05
Number of obs: 59, groups:  pid, 33

Conditional model:
                                  Estimate Std. Error z value Pr(>|z|)  
(Intercept)                       -2.04817    1.96497  -1.042   0.2973  
log(totalCues + 1)                -0.17637    0.34248  -0.515   0.6066  
log(lucid_attempts_past_week + 1)  0.28829    0.68624   0.420   0.6744  
log(lucid_dreams_past_week + 1)    1.36710    0.76707   1.782   0.0747 .
log(fitbit_stim_motion + 1)        0.40785    0.69243   0.589   0.5559  
age_z                              0.02787    0.53961   0.052   0.9588  
wake_up_duration_min_z             0.14859    0.52653   0.282   0.7778  
sleep_quality_num_z               -0.27049    0.50874  -0.532   0.5949  
wakeThresh_z                      -0.14692    0.49086  -0.299   0.7647  
---
Signif. codes:  0 ‘***’ 0.001 ‘**’ 0.01 ‘*’ 0.05 ‘.’ 0.1 ‘ ’ 1

===== Odds Ratios =====
                      (Intercept)                log(totalCues + 1) 
                        0.1289702                         0.8383078 
log(lucid_attempts_past_week + 1)   log(lucid_dreams_past_week + 1) 
                        1.3341381                         3.9239614 
      log(fitbit_stim_motion + 1)                             age_z 
                        1.5035787                         1.0282591 
           wake_up_duration_min_z               sleep_quality_num_z 
                        1.1601980                         0.7630059 
                     wakeThresh_z 
                        0.8633605 
No significant fixed effects (p < 0.05); no association plots generated.

===== DHARMa Diagnostics =====
null device 
          1 
Saved DHARMa plot to: /Users/solenenoize/Desktop/sleep_analysis/model5/results/submodel5_Rplots_20260616_165211.pdf 
